2014-05-30 14:59:39.881 Denver Deals[7374:70b] Multi-tasking -> Device: YES, App: YES
2014-05-30 14:59:39.887 Denver Deals[7374:70b] Unlimited access to network resources
2014-05-30 14:59:40.306 Denver Deals[7374:70b] Resetting plugins due to page load.
2014-05-30 14:59:41.106 Denver Deals[7374:70b] Finished load of: file:///Users/MacBookRetina/Library/Application%20Support/iPhone%20Simulator/7.1/Applications/37F2E9E0-4F69-46B1-AE31-E267BD3E7271/Denver%20Deals.app/www/index.html
2014-05-30 15:59:09.622 Denver Deals[9721:70b] Multi-tasking -> Device: YES, App: YES
2014-05-30 15:59:09.636 Denver Deals[9721:70b] Unlimited access to network resources
2014-05-30 15:59:10.197 Denver Deals[9721:70b] Resetting plugins due to page load.
2014-05-30 15:59:10.635 Denver Deals[9721:70b] Finished load of: file:///Users/MacBookRetina/Library/Application%20Support/iPhone%20Simulator/7.1/Applications/37F2E9E0-4F69-46B1-AE31-E267BD3E7271/Denver%20Deals.app/www/index.html
2014-05-30 18:35:41.550 Denver Deals[12363:70b] Multi-tasking -> Device: YES, App: YES
2014-05-30 18:35:41.556 Denver Deals[12363:70b] Unlimited access to network resources
2014-05-30 18:35:41.680 Denver Deals[12363:70b] Resetting plugins due to page load.
2014-05-30 18:35:42.394 Denver Deals[12363:70b] Finished load of: file:///Users/MacBookRetina/Library/Application%20Support/iPhone%20Simulator/7.1/Applications/37F2E9E0-4F69-46B1-AE31-E267BD3E7271/Denver%20Deals.app/www/index.html
2014-05-30 19:02:06.240 Denver Deals[15164:70b] Multi-tasking -> Device: YES, App: YES
2014-05-30 19:02:06.246 Denver Deals[15164:70b] Unlimited access to network resources
2014-05-30 19:02:06.276 Denver Deals[15164:70b] [CDVTimer][splashscreen] 13.386011ms
2014-05-30 19:02:06.276 Denver Deals[15164:70b] [CDVTimer][TotalPluginStartup] 13.743997ms
2014-05-30 19:02:06.380 Denver Deals[15164:70b] Resetting plugins due to page load.
2014-05-30 19:02:06.851 Denver Deals[15164:70b] Finished load of: file:///Users/MacBookRetina/Library/Application%20Support/iPhone%20Simulator/7.1/Applications/37F2E9E0-4F69-46B1-AE31-E267BD3E7271/Denver%20Deals.app/www/index.html
2014-05-30 19:14:55.048 Denver Deals[17434:70b] Multi-tasking -> Device: YES, App: YES
2014-05-30 19:14:55.054 Denver Deals[17434:70b] Unlimited access to network resources
2014-05-30 19:14:55.079 Denver Deals[17434:70b] [CDVTimer][splashscreen] 9.526968ms
2014-05-30 19:14:55.079 Denver Deals[17434:70b] [CDVTimer][TotalPluginStartup] 9.773016ms
2014-05-30 19:14:55.417 Denver Deals[17434:70b] Resetting plugins due to page load.
2014-05-30 19:14:55.835 Denver Deals[17434:70b] Finished load of: file:///Users/MacBookRetina/Library/Application%20Support/iPhone%20Simulator/7.1/Applications/37F2E9E0-4F69-46B1-AE31-E267BD3E7271/Denver%20Deals.app/www/index.html
2014-05-30 20:04:05.456 Denver Deals[20174:70b] Multi-tasking -> Device: YES, App: YES
2014-05-30 20:04:05.476 Denver Deals[20174:70b] Unlimited access to network resources
2014-05-30 20:04:05.533 Denver Deals[20174:70b] [CDVTimer][splashscreen] 35.959005ms
2014-05-30 20:04:05.533 Denver Deals[20174:70b] [CDVTimer][TotalPluginStartup] 36.206007ms
2014-05-30 20:04:06.011 Denver Deals[20174:70b] Resetting plugins due to page load.
2014-05-30 20:04:06.452 Denver Deals[20174:70b] Finished load of: file:///Users/MacBookRetina/Library/Application%20Support/iPhone%20Simulator/7.1/Applications/37F2E9E0-4F69-46B1-AE31-E267BD3E7271/Denver%20Deals.app/www/index.html
2014-05-30 20:20:37.767 Denver Deals[22591:70b] Multi-tasking -> Device: YES, App: YES
2014-05-30 20:20:37.773 Denver Deals[22591:70b] Unlimited access to network resources
2014-05-30 20:20:37.798 Denver Deals[22591:70b] [CDVTimer][splashscreen] 8.873999ms
2014-05-30 20:20:37.798 Denver Deals[22591:70b] [CDVTimer][TotalPluginStartup] 9.131014ms
2014-05-30 20:20:37.846 Denver Deals[22591:70b] Resetting plugins due to page load.
2014-05-30 20:20:38.163 Denver Deals[22591:70b] Finished load of: file:///Users/MacBookRetina/Library/Application%20Support/iPhone%20Simulator/7.1/Applications/37F2E9E0-4F69-46B1-AE31-E267BD3E7271/Denver%20Deals.app/www/index.html
